Start testing: Nov 23 11:05 CET
----------------------------------------------------------
1/1 Testing: CommonPthreadError
1/1 Test: CommonPthreadError
Command: "/usr/bin/perl" "/user/2/.base/deshayec/home/Documents/SEPC/Tp Thread/ensimag-video/tests/pthcocci.pl"
Directory: /user/2/.base/deshayec/home/Documents/SEPC/Tp Thread/ensimag-video/build
"CommonPthreadError" start time: Nov 23 11:05 CET
Output:
----------------------------------------------------------
--- ../src/synchro.c
+++ /tmp/cocci-output-15857-8c5f3d-synchro.c
@@ -14,7 +14,6 @@ bool fenetrePrete = false;
 /* l'implantation des fonctions de synchro ici */
 void envoiTailleFenetre(th_ycbcr_buffer buffer) {
   pthread_cond_init(&image, NULL);
-  pthread_mutex_lock(&m);
   windowsx = buffer->width;
   windowsy = buffer->height;
 }
@@ -55,7 +54,6 @@ void finConsommerTexture() {
 void debutDeposerTexture() {
   pthread_mutex_lock(&m_texture);
   // while (le tampon est vide){
-  pthread_cond_wait(&c_texture, &m_texture);
   //}
   
   pthread_mutex_unlock(&m_texture);
<end of output>
Test time =   0.16 sec
----------------------------------------------------------
Test Failed.
"CommonPthreadError" end time: Nov 23 11:05 CET
"CommonPthreadError" time elapsed: 00:00:00
----------------------------------------------------------

End testing: Nov 23 11:05 CET
